<?xml version="1.0" encoding="UTF-8"?>
<!-- Generated by org.testng.reporters.JUnitReportReporter -->
<testsuite hostname="Mritunjay" failures="0" tests="1" name="leads_module.CreateALeadTest" time="25.174" errors="0" timestamp="2024-03-01T13:04:39 IST" skipped="0">
  <testcase classname="leads_module.CreateALeadTest" name="toCreateALeadAndToVerifyTheLeadDetails" time="25.174"/>
</testsuite> <!-- leads_module.CreateALeadTest -->
