<?xml version="1.0" encoding="UTF-8"?>
<!-- Generated by org.testng.reporters.JUnitReportReporter -->
<testsuite hostname="Mritunjay" failures="0" tests="1" name="opportunity_Module.CreateOpportunitiesTest" time="55.015" errors="0" timestamp="2024-03-01T13:04:39 IST" skipped="0">
  <testcase classname="opportunity_Module.CreateOpportunitiesTest" name="createOpportunitiesWithOrganizationNameAndVerifyTest" time="55.015"/>
</testsuite> <!-- opportunity_Module.CreateOpportunitiesTest -->
