<?xml version="1.0" encoding="UTF-8"?>
<!-- Generated by org.testng.reporters.JUnitReportReporter -->
<testsuite hostname="Mritunjay" failures="0" tests="1" name="leads_module.ddmmoo" time="0.017" errors="0" timestamp="2024-03-01T12:59:50 IST" skipped="0">
  <testcase classname="leads_module.ddmmoo" name="run" time="0.017"/>
</testsuite> <!-- leads_module.ddmmoo -->
