<?xml version="1.0" encoding="UTF-8"?>
<!-- Generated by org.testng.reporters.JUnitReportReporter -->
<testsuite hostname="Mritunjay" failures="0" tests="1" name="leads_module.CreateALeadTest" time="15.820" errors="0" timestamp="01 Mar 2024 13:15:48 GMT" skipped="0">
  <testcase classname="leads_module.CreateALeadTest" name="toCreateALeadAndToVerifyTheLeadDetails" time="15.820"/>
</testsuite> <!-- leads_module.CreateALeadTest -->
