<?xml version="1.0" encoding="UTF-8"?>
<!-- Generated by org.testng.reporters.JUnitReportReporter -->
<testsuite hostname="Mritunjay" failures="0" tests="1" name="opportunity_Module.CreateOpportunitiesTest" time="33.945" errors="0" timestamp="01 Mar 2024 13:15:48 GMT" skipped="0">
  <testcase classname="opportunity_Module.CreateOpportunitiesTest" name="createOpportunitiesWithOrganizationNameAndVerifyTest" time="33.945"/>
</testsuite> <!-- opportunity_Module.CreateOpportunitiesTest -->
